<?xml version="1.0" encoding="UTF-8"?>
<testng-results ignored="0" total="1" passed="1" failed="0" skipped="0">
  <reporter-output>
  </reporter-output>
  <suite started-at="2023-01-09T20:45:12 EST" name="Surefire suite" finished-at="2023-01-09T20:45:35 EST" duration-ms="23710">
    <groups>
      <group name="cucumber">
        <method signature="AbstractTestNGCucumberTests.feature(cucumber.api.testng.CucumberFeatureWrapper)[pri:0, instance:TestRunnerRaz.TestRunnerRaz@14555e0a]" name="feature" class="cucumber.api.testng.AbstractTestNGCucumberTests"/>
      </group> <!-- cucumber -->
    </groups>
    <test started-at="2023-01-09T20:45:12 EST" name="Surefire test" finished-at="2023-01-09T20:45:35 EST" duration-ms="23710">
      <class name="TestRunnerRaz.TestRunnerRaz">
        <test-method is-config="true" signature="metasetup()[pri:0, instance:TestRunnerRaz.TestRunnerRaz@14555e0a]" started-at="2023-01-09T20:45:12 EST" name="metasetup" finished-at="2023-01-09T20:45:13 EST" duration-ms="1791" status="PASS">
          <reporter-output>
          </reporter-output>
        </test-method> <!-- metasetup -->
        <test-method is-config="true" signature="setUpClass()[pri:0, instance:TestRunnerRaz.TestRunnerRaz@14555e0a]" started-at="2023-01-09T20:45:13 EST" name="setUpClass" finished-at="2023-01-09T20:45:14 EST" duration-ms="140" status="PASS">
          <reporter-output>
          </reporter-output>
        </test-method> <!-- setUpClass -->
        <test-method signature="feature(cucumber.api.testng.CucumberFeatureWrapper)[pri:0, instance:TestRunnerRaz.TestRunnerRaz@14555e0a]" started-at="2023-01-09T20:45:14 EST" name="feature" description="Runs Cucumber Feature" data-provider="features" finished-at="2023-01-09T20:45:35 EST" duration-ms="21352" status="PASS">
          <params>
            <param index="0">
              <value>
                <![CDATA[adajfnh]]>
              </value>
            </param>
          </params>
          <reporter-output>
          </reporter-output>
        </test-method> <!-- feature -->
        <test-method is-config="true" signature="tearDownClass()[pri:0, instance:TestRunnerRaz.TestRunnerRaz@14555e0a]" started-at="2023-01-09T20:45:35 EST" name="tearDownClass" finished-at="2023-01-09T20:45:35 EST" duration-ms="10" status="PASS">
          <reporter-output>
          </reporter-output>
        </test-method> <!-- tearDownClass -->
        <test-method is-config="true" signature="metaCloseURL()[pri:0, instance:TestRunnerRaz.TestRunnerRaz@14555e0a]" started-at="2023-01-09T20:45:35 EST" name="metaCloseURL" finished-at="2023-01-09T20:45:35 EST" duration-ms="316" status="PASS">
          <reporter-output>
          </reporter-output>
        </test-method> <!-- metaCloseURL -->
      </class> <!-- TestRunnerRaz.TestRunnerRaz -->
    </test> <!-- Surefire test -->
  </suite> <!-- Surefire suite -->
</testng-results>
