<?xml version="1.0" encoding="UTF-8"?>
<testng-results ignored="0" total="1" passed="1" failed="0" skipped="0">
  <reporter-output>
  </reporter-output>
  <suite started-at="2023-01-10T20:30:44 EST" name="Default suite" finished-at="2023-01-10T20:30:59 EST" duration-ms="15373">
    <groups>
      <group name="cucumber">
        <method signature="AbstractTestNGCucumberTests.feature(cucumber.api.testng.CucumberFeatureWrapper)[pri:0, instance:TestRunnerRaz.TestRunnerRaz@5890e879]" name="feature" class="cucumber.api.testng.AbstractTestNGCucumberTests"/>
      </group> <!-- cucumber -->
    </groups>
    <test started-at="2023-01-10T20:30:44 EST" name="Default test" finished-at="2023-01-10T20:30:59 EST" duration-ms="15373">
      <class name="TestRunnerRaz.TestRunnerRaz">
        <test-method is-config="true" signature="metasetup()[pri:0, instance:TestRunnerRaz.TestRunnerRaz@5890e879]" started-at="2023-01-10T20:30:44 EST" name="metasetup" finished-at="2023-01-10T20:30:46 EST" duration-ms="2102" status="PASS">
          <reporter-output>
          </reporter-output>
        </test-method> <!-- metasetup -->
        <test-method is-config="true" signature="setUpClass()[pri:0, instance:TestRunnerRaz.TestRunnerRaz@5890e879]" started-at="2023-01-10T20:30:46 EST" name="setUpClass" finished-at="2023-01-10T20:30:46 EST" duration-ms="125" status="PASS">
          <reporter-output>
          </reporter-output>
        </test-method> <!-- setUpClass -->
        <test-method signature="feature(cucumber.api.testng.CucumberFeatureWrapper)[pri:0, instance:TestRunnerRaz.TestRunnerRaz@5890e879]" started-at="2023-01-10T20:30:46 EST" name="feature" description="Runs Cucumber Feature" data-provider="features" finished-at="2023-01-10T20:30:59 EST" duration-ms="12797" status="PASS">
          <params>
            <param index="0">
              <value>
                <![CDATA[kklmklkmmk]]>
              </value>
            </param>
          </params>
          <reporter-output>
          </reporter-output>
        </test-method> <!-- feature -->
        <test-method is-config="true" signature="tearDownClass()[pri:0, instance:TestRunnerRaz.TestRunnerRaz@5890e879]" started-at="2023-01-10T20:30:59 EST" name="tearDownClass" finished-at="2023-01-10T20:30:59 EST" duration-ms="12" status="PASS">
          <reporter-output>
          </reporter-output>
        </test-method> <!-- tearDownClass -->
        <test-method is-config="true" signature="metaCloseURL()[pri:0, instance:TestRunnerRaz.TestRunnerRaz@5890e879]" started-at="2023-01-10T20:30:59 EST" name="metaCloseURL" finished-at="2023-01-10T20:30:59 EST" duration-ms="219" status="PASS">
          <reporter-output>
          </reporter-output>
        </test-method> <!-- metaCloseURL -->
      </class> <!-- TestRunnerRaz.TestRunnerRaz -->
    </test> <!-- Default test -->
  </suite> <!-- Default suite -->
</testng-results>
